"Start of log file."
"E:/work/RAINDA~1/Client/Assets/Model/Boy/MAN_ST~1.MAX"
"Starting max loading and fbx conversion"
window = undefined
"Settings units"
"Before fbx export"
"After fbx export"
"Finished max loading and fbx conversion"
"E:/work/RAINDA~1/Client/Assets/Model/Boy/MAN_ST~1.MAX"
"Starting max loading and fbx conversion"
window = undefined
"Settings units"
"Before fbx export"
"After fbx export"
"Finished max loading and fbx conversion"
"E:/work/RAINDA~1/Client/Assets/Model/Boy/MAN_ST~1.MAX"
"Starting max loading and fbx conversion"
window = undefined
"Settings units"
"Before fbx export"
"After fbx export"
"Finished max loading and fbx conversion"
"E:/work/RAINDA~1/Client/Assets/Model/Girl/GIRL_S~1.MAX"
"Starting max loading and fbx conversion"
window = undefined
"Settings units"
"Before fbx export"
"After fbx export"
"Finished max loading and fbx conversion"
"E:/work/RAINDA~1/Client/Assets/Model/Girl/GIRL_S~1.MAX"
"Starting max loading and fbx conversion"
window = undefined
"Settings units"
"Before fbx export"
"After fbx export"
"Finished max loading and fbx conversion"
"E:/work/RAINDA~1/Client/Assets/Model/Boy/MAN_ST~1.MAX"
"Starting max loading and fbx conversion"
window = undefined
"Settings units"
"Before fbx export"
"After fbx export"
"Finished max loading and fbx conversion"
"E:/work/RAINDA~1/Client/Assets/Model/Boy/MAN_ST~1.MAX"
"Starting max loading and fbx conversion"
window = undefined
"Settings units"
"Before fbx export"
"After fbx export"
"Finished max loading and fbx conversion"
